{"numFailedTestSuites":0,"numFailedTests":0,"numPassedTestSuites":1,"numPassedTests":16,"numPendingTestSuites":0,"numPendingTests":0,"numRuntimeErrorTestSuites":0,"numTodoTests":0,"numTotalTestSuites":1,"numTotalTests":16,"openHandles":[],"snapshot":{"added":0,"didUpdate":false,"failure":false,"filesAdded":0,"filesRemoved":0,"filesRemovedList":[],"filesUnmatched":0,"filesUpdated":0,"matched":0,"total":0,"unchecked":0,"uncheckedKeysByFile":[],"unmatched":0,"updated":0},"startTime":1765080361083,"success":true,"testResults":[{"assertionResults":[{"ancestorTitles":["Workflow Engine","loadWorkflow(name)"],"duration":6,"failing":false,"failureDetails":[],"failureMessages":[],"fullName":"Workflow Engine loadWorkflow(name) should fetch workflow JSON and METADATA from DB","invocations":1,"location":null,"numPassingAsserts":2,"retryReasons":[],"startAt":1765080362132,"status":"passed","title":"should fetch workflow JSON and METADATA from DB"},{"ancestorTitles":["Workflow Engine","loadWorkflow(name)"],"duration":18,"failing":false,"failureDetails":[],"failureMessages":[],"fullName":"Workflow Engine loadWorkflow(name) should throw error if workflow not found","invocations":1,"location":null,"numPassingAsserts":1,"retryReasons":[],"startAt":1765080362141,"status":"passed","title":"should throw error if workflow not found"},{"ancestorTitles":["Workflow Engine","loadWorkflow(name)"],"duration":4,"failing":false,"failureDetails":[],"failureMessages":[],"fullName":"Workflow Engine loadWorkflow(name) should handle database errors","invocations":1,"location":null,"numPassingAsserts":1,"retryReasons":[],"startAt":1765080362160,"status":"passed","title":"should handle database errors"},{"ancestorTitles":["Workflow Engine","transition(currentState, event)"],"duration":1,"failing":false,"failureDetails":[],"failureMessages":[],"fullName":"Workflow Engine transition(currentState, event) should return next state for valid transition","invocations":1,"location":null,"numPassingAsserts":1,"retryReasons":[],"startAt":1765080362165,"status":"passed","title":"should return next state for valid transition"},{"ancestorTitles":["Workflow Engine","transition(currentState, event)"],"duration":1,"failing":false,"failureDetails":[],"failureMessages":[],"fullName":"Workflow Engine transition(currentState, event) should throw error for invalid transition","invocations":1,"location":null,"numPassingAsserts":1,"retryReasons":[],"startAt":1765080362167,"status":"passed","title":"should throw error for invalid transition"},{"ancestorTitles":["Workflow Engine","transition(currentState, event)"],"duration":2,"failing":false,"failureDetails":[],"failureMessages":[],"fullName":"Workflow Engine transition(currentState, event) should block transition if workflow is paused","invocations":1,"location":null,"numPassingAsserts":1,"retryReasons":[],"startAt":1765080362169,"status":"passed","title":"should block transition if workflow is paused"},{"ancestorTitles":["Workflow Engine","validateState(state)"],"duration":1,"failing":false,"failureDetails":[],"failureMessages":[],"fullName":"Workflow Engine validateState(state) should return true for valid state","invocations":1,"location":null,"numPassingAsserts":1,"retryReasons":[],"startAt":1765080362171,"status":"passed","title":"should return true for valid state"},{"ancestorTitles":["Workflow Engine","validateState(state)"],"duration":0,"failing":false,"failureDetails":[],"failureMessages":[],"fullName":"Workflow Engine validateState(state) should return false for invalid state","invocations":1,"location":null,"numPassingAsserts":1,"retryReasons":[],"startAt":1765080362173,"status":"passed","title":"should return false for invalid state"},{"ancestorTitles":["Workflow Engine","Three-Tier Planning Strategy"],"duration":1,"failing":false,"failureDetails":[],"failureMessages":[],"fullName":"Workflow Engine Three-Tier Planning Strategy should select different path based on strategy toggle","invocations":1,"location":null,"numPassingAsserts":2,"retryReasons":[],"startAt":1765080362174,"status":"passed","title":"should select different path based on strategy toggle"},{"ancestorTitles":["Workflow Engine","Three-Tier Planning Strategy"],"duration":1,"failing":false,"failureDetails":[],"failureMessages":[],"fullName":"Workflow Engine Three-Tier Planning Strategy should throw error for unknown strategy","invocations":1,"location":null,"numPassingAsserts":1,"retryReasons":[],"startAt":1765080362176,"status":"passed","title":"should throw error for unknown strategy"},{"ancestorTitles":["Workflow Engine","Auto Actions"],"duration":1,"failing":false,"failureDetails":[],"failureMessages":[],"fullName":"Workflow Engine Auto Actions should trigger actions defined in metadata","invocations":1,"location":null,"numPassingAsserts":1,"retryReasons":[],"startAt":1765080362177,"status":"passed","title":"should trigger actions defined in metadata"},{"ancestorTitles":["Workflow Engine","Auto Actions"],"duration":1,"failing":false,"failureDetails":[],"failureMessages":[],"fullName":"Workflow Engine Auto Actions should not trigger actions if not defined","invocations":1,"location":null,"numPassingAsserts":1,"retryReasons":[],"startAt":1765080362179,"status":"passed","title":"should not trigger actions if not defined"},{"ancestorTitles":["Workflow Engine","Bug Escalation Rule"],"duration":1,"failing":false,"failureDetails":[],"failureMessages":[],"fullName":"Workflow Engine Bug Escalation Rule should automatically route to Strategic if isBugEscalation is true","invocations":1,"location":null,"numPassingAsserts":1,"retryReasons":[],"startAt":1765080362180,"status":"passed","title":"should automatically route to Strategic if isBugEscalation is true"},{"ancestorTitles":["Workflow Engine","Bug Escalation Rule"],"duration":1,"failing":false,"failureDetails":[],"failureMessages":[],"fullName":"Workflow Engine Bug Escalation Rule should not route to Strategic if isBugEscalation is false","invocations":1,"location":null,"numPassingAsserts":1,"retryReasons":[],"startAt":1765080362181,"status":"passed","title":"should not route to Strategic if isBugEscalation is false"},{"ancestorTitles":["Workflow Engine","Pause/Resume"],"duration":0,"failing":false,"failureDetails":[],"failureMessages":[],"fullName":"Workflow Engine Pause/Resume should be able to pause and resume the engine","invocations":1,"location":null,"numPassingAsserts":3,"retryReasons":[],"startAt":1765080362183,"status":"passed","title":"should be able to pause and resume the engine"},{"ancestorTitles":["Workflow Engine","Pause/Resume"],"duration":1,"failing":false,"failureDetails":[],"failureMessages":[],"fullName":"Workflow Engine Pause/Resume should block transitions when paused","invocations":1,"location":null,"numPassingAsserts":1,"retryReasons":[],"startAt":1765080362184,"status":"passed","title":"should block transitions when paused"}],"endTime":1765080362188,"message":"","name":"C:\\Coding\\CM\\backend\\__tests__\\unit\\workflowEngine.test.js","startTime":1765080361227,"status":"passed","summary":""}],"wasInterrupted":false}
